0 verbose cli /home/eddie2200/.nvm/versions/node/v22.19.0/bin/node /home/eddie2200/.nvm/versions/node/v22.19.0/bin/npm
1 info using npm@10.9.3
2 info using node@v22.19.0
3 silly config load:file:/home/eddie2200/.nvm/versions/node/v22.19.0/lib/node_modules/npm/npmrc
4 silly config load:file:/home/eddie2200/alx-frontend-javascript/0x04-TypeScript/task_1/.npmrc
5 silly config load:file:/home/eddie2200/.npmrc
6 silly config load:file:/home/eddie2200/.nvm/versions/node/v22.19.0/etc/npmrc
7 verbose title npm init
8 verbose argv "init" "--yes"
9 verbose logfile logs-max:10 dir:/home/eddie2200/.npm/_logs/2025-09-13T01_31_55_173Z-
10 verbose logfile /home/eddie2200/.npm/_logs/2025-09-13T01_31_55_173Z-debug-0.log
11 silly logfile start cleaning logs, removing 1 files
12 silly logfile done cleaning log files
13 silly package data {
13 silly package data   name: 'task_1',
13 silly package data   version: '1.0.0',
13 silly package data   description: '',
13 silly package data   main: 'index.js',
13 silly package data   scripts: { test: 'echo "Error: no test specified" && exit 1' },
13 silly package data   keywords: [],
13 silly package data   author: '',
13 silly package data   license: 'ISC'
13 silly package data }
14 verbose cwd /home/eddie2200/alx-frontend-javascript/0x04-TypeScript/task_1
15 verbose os Linux 6.6.87.2-microsoft-standard-WSL2
16 verbose node v22.19.0
17 verbose npm  v10.9.3
18 verbose exit 0
19 info ok
