0 verbose cli /home/eddie2200/.nvm/versions/node/v22.19.0/bin/node /home/eddie2200/.nvm/versions/node/v22.19.0/bin/npm
1 info using npm@10.9.3
2 info using node@v22.19.0
3 silly config load:file:/home/eddie2200/.nvm/versions/node/v22.19.0/lib/node_modules/npm/npmrc
4 silly config load:file:/home/eddie2200/alx-frontend-javascript/0x04-TypeScript/task_1/.npmrc
5 silly config load:file:/home/eddie2200/.npmrc
6 silly config load:file:/home/eddie2200/.nvm/versions/node/v22.19.0/etc/npmrc
7 verbose title npm run build
8 verbose argv "run" "build"
9 verbose logfile logs-max:10 dir:/home/eddie2200/.npm/_logs/2025-09-13T01_37_45_787Z-
10 verbose logfile /home/eddie2200/.npm/_logs/2025-09-13T01_37_45_787Z-debug-0.log
11 silly logfile start cleaning logs, removing 1 files
12 silly logfile done cleaning log files
13 verbose stack Error: Missing script: "build"
13 verbose stack
13 verbose stack To see a list of scripts, run:
13 verbose stack   npm run
13 verbose stack     at #run (/home/eddie2200/.nvm/versions/node/v22.19.0/lib/node_modules/npm/lib/commands/run-script.js:111:13)
13 verbose stack     at async RunScript.exec (/home/eddie2200/.nvm/versions/node/v22.19.0/lib/node_modules/npm/lib/commands/run-script.js:40:7)
13 verbose stack     at async Npm.exec (/home/eddie2200/.nvm/versions/node/v22.19.0/lib/node_modules/npm/lib/npm.js:207:9)
13 verbose stack     at async module.exports (/home/eddie2200/.nvm/versions/node/v22.19.0/lib/node_modules/npm/lib/cli/entry.js:74:5)
14 error Missing script: "build"
14 error
14 error To see a list of scripts, run:
14 error   npm run
15 verbose cwd /home/eddie2200/alx-frontend-javascript/0x04-TypeScript/task_1
16 verbose os Linux 6.6.87.2-microsoft-standard-WSL2
17 verbose node v22.19.0
18 verbose npm  v10.9.3
19 verbose exit 1
20 verbose code 1
21 error A complete log of this run can be found in: /home/eddie2200/.npm/_logs/2025-09-13T01_37_45_787Z-debug-0.log
